LOG ["APP STARTING."] @ Fri May 27 2022 10:13:33 GMT+0000 (Coordinated Universal Time)
LOG [["array","bool","email","function","integer","name","null","number","object","password","string","undefined","username","port","npmVersion","hexadecimal","color","demoType"]] @ Fri May 27 2022 10:13:36 GMT+0000 (Coordinated Universal Time)
LOG ["App Started! PATH: http://localhost:8000/"] @ Fri May 27 2022 10:13:36 GMT+0000 (Coordinated Universal Time)
LOG [["array","bool","email","function","integer","name","null","number","object","password","string","undefined","username","port","npmVersion","hexadecimal","color","demoType"]] @ Fri May 27 2022 10:13:36 GMT+0000 (Coordinated Universal Time)
LOG ["App Started! PATH: http://localhost:8000/"] @ Fri May 27 2022 10:13:36 GMT+0000 (Coordinated Universal Time)
LOG ["APP STARTING."] @ Fri May 27 2022 10:16:51 GMT+0000 (Coordinated Universal Time)
LOG [["array","bool","email","function","integer","name","null","number","object","password","string","undefined","username","port","npmVersion","hexadecimal","color","demoType"]] @ Fri May 27 2022 10:16:54 GMT+0000 (Coordinated Universal Time)
LOG ["App Started! PATH: http://localhost:8000/"] @ Fri May 27 2022 10:16:54 GMT+0000 (Coordinated Universal Time)
LOG [["array","bool","email","function","integer","name","null","number","object","password","string","undefined","username","port","npmVersion","hexadecimal","color","demoType"]] @ Fri May 27 2022 10:16:54 GMT+0000 (Coordinated Universal Time)
LOG ["App Started! PATH: http://localhost:8000/"] @ Fri May 27 2022 10:16:54 GMT+0000 (Coordinated Universal Time)
INFO ["Login Attempt: slavko.vuletic92@gmail.com - 0123456789"] @ Fri May 27 2022 10:17:09 GMT+0000 (Coordinated Universal Time)
INFO ["refreshToken: [object Object]"] @ Fri May 27 2022 10:18:05 GMT+0000 (Coordinated Universal Time)
INFO ["logout: eyJhbGciOiJIUzI1NiIsInR5cCI6IkpXVCJ9.eyJ1c2VybmFtZSI6InYtY29yZTkiLCJyb2xlIjoiQURNSU4iLCJpYXQiOjE2NTE5MjUxMTJ9.OcuX90KNBv8qHAyZ02zZtvpkmu2X8ACnOHdAzfX_Ez8"] @ Fri May 27 2022 10:23:27 GMT+0000 (Coordinated Universal Time)
INFO ["logout: eyJhbGciOiJIUzI1NiIsInR5cCI6IkpXVCJ9.eyJ1c2VybmFtZSI6InYtY29yZTkiLCJyb2xlIjoiQURNSU4iLCJpYXQiOjE2NTM2NDY2MzB9.vgcKh73Ksb_08sZvXqn6_0zz5BW5YNBa1ZVyM7i2y4Q"] @ Fri May 27 2022 10:23:49 GMT+0000 (Coordinated Universal Time)
LOG ["APP STARTING."] @ Fri May 27 2022 10:44:27 GMT+0000 (Coordinated Universal Time)
LOG [["array","bool","email","function","integer","name","null","number","object","password","string","undefined","username","port","npmVersion","hexadecimal","color","demoType"]] @ Fri May 27 2022 10:44:30 GMT+0000 (Coordinated Universal Time)
LOG ["App Started! PATH: http://localhost:8000/"] @ Fri May 27 2022 10:44:30 GMT+0000 (Coordinated Universal Time)
LOG [["array","bool","email","function","integer","name","null","number","object","password","string","undefined","username","port","npmVersion","hexadecimal","color","demoType"]] @ Fri May 27 2022 10:44:30 GMT+0000 (Coordinated Universal Time)
LOG ["App Started! PATH: http://localhost:8000/"] @ Fri May 27 2022 10:44:30 GMT+0000 (Coordinated Universal Time)
LOG ["APP STARTING."] @ Fri May 27 2022 10:45:06 GMT+0000 (Coordinated Universal Time)
LOG [["array","bool","email","function","integer","name","null","number","object","password","string","undefined","username","port","npmVersion","hexadecimal","color","demoType"]] @ Fri May 27 2022 10:45:09 GMT+0000 (Coordinated Universal Time)
LOG ["App Started! PATH: http://localhost:8000/"] @ Fri May 27 2022 10:45:09 GMT+0000 (Coordinated Universal Time)
LOG [["array","bool","email","function","integer","name","null","number","object","password","string","undefined","username","port","npmVersion","hexadecimal","color","demoType"]] @ Fri May 27 2022 10:45:09 GMT+0000 (Coordinated Universal Time)
LOG ["App Started! PATH: http://localhost:8000/"] @ Fri May 27 2022 10:45:09 GMT+0000 (Coordinated Universal Time)
LOG ["APP STARTING."] @ Fri May 27 2022 11:10:34 GMT+0000 (Coordinated Universal Time)
LOG [["array","bool","email","function","integer","name","null","number","object","password","string","undefined","username","port","npmVersion","hexadecimal","color","demoType"]] @ Fri May 27 2022 11:10:38 GMT+0000 (Coordinated Universal Time)
LOG ["App Started! PATH: http://localhost:8000/"] @ Fri May 27 2022 11:10:38 GMT+0000 (Coordinated Universal Time)
LOG [["array","bool","email","function","integer","name","null","number","object","password","string","undefined","username","port","npmVersion","hexadecimal","color","demoType"]] @ Fri May 27 2022 11:10:38 GMT+0000 (Coordinated Universal Time)
LOG ["App Started! PATH: http://localhost:8000/"] @ Fri May 27 2022 11:10:38 GMT+0000 (Coordinated Universal Time)
LOG ["APP STARTING."] @ Fri May 27 2022 11:13:53 GMT+0000 (Coordinated Universal Time)
LOG [["array","bool","email","function","integer","name","null","number","object","password","string","undefined","username","port","npmVersion","hexadecimal","color","demoType"]] @ Fri May 27 2022 11:13:56 GMT+0000 (Coordinated Universal Time)
LOG ["App Started! PATH: http://localhost:8000/"] @ Fri May 27 2022 11:13:56 GMT+0000 (Coordinated Universal Time)
LOG [["array","bool","email","function","integer","name","null","number","object","password","string","undefined","username","port","npmVersion","hexadecimal","color","demoType"]] @ Fri May 27 2022 11:13:56 GMT+0000 (Coordinated Universal Time)
LOG ["App Started! PATH: http://localhost:8000/"] @ Fri May 27 2022 11:13:56 GMT+0000 (Coordinated Universal Time)
LOG ["APP STARTING."] @ Fri May 27 2022 11:17:41 GMT+0000 (Coordinated Universal Time)
LOG [["array","bool","email","function","integer","name","null","number","object","password","string","undefined","username","port","npmVersion","hexadecimal","color","demoType"]] @ Fri May 27 2022 11:17:43 GMT+0000 (Coordinated Universal Time)
LOG [["array","bool","email","function","integer","name","null","number","object","password","string","undefined","username","port","npmVersion","hexadecimal","color","demoType"]] @ Fri May 27 2022 11:17:43 GMT+0000 (Coordinated Universal Time)
LOG ["App Started! PATH: http://localhost:8000/"] @ Fri May 27 2022 11:17:43 GMT+0000 (Coordinated Universal Time)
LOG ["App Started! PATH: http://localhost:8000/"] @ Fri May 27 2022 11:17:43 GMT+0000 (Coordinated Universal Time)
LOG ["APP STARTING."] @ Fri May 27 2022 11:20:14 GMT+0000 (Coordinated Universal Time)
LOG [["array","bool","email","function","integer","name","null","number","object","password","string","undefined","username","port","npmVersion","hexadecimal","color","demoType"]] @ Fri May 27 2022 11:20:16 GMT+0000 (Coordinated Universal Time)
LOG ["App Started! PATH: http://localhost:8000/"] @ Fri May 27 2022 11:20:16 GMT+0000 (Coordinated Universal Time)
LOG [["array","bool","email","function","integer","name","null","number","object","password","string","undefined","username","port","npmVersion","hexadecimal","color","demoType"]] @ Fri May 27 2022 11:20:16 GMT+0000 (Coordinated Universal Time)
LOG ["App Started! PATH: http://localhost:8000/"] @ Fri May 27 2022 11:20:16 GMT+0000 (Coordinated Universal Time)
LOG ["APP STARTING."] @ Fri May 27 2022 11:23:41 GMT+0000 (Coordinated Universal Time)
LOG [["array","bool","email","function","integer","name","null","number","object","password","string","undefined","username","port","npmVersion","hexadecimal","color","demoType"]] @ Fri May 27 2022 11:23:43 GMT+0000 (Coordinated Universal Time)
LOG ["App Started! PATH: http://localhost:8000/"] @ Fri May 27 2022 11:23:43 GMT+0000 (Coordinated Universal Time)
LOG [["array","bool","email","function","integer","name","null","number","object","password","string","undefined","username","port","npmVersion","hexadecimal","color","demoType"]] @ Fri May 27 2022 11:23:43 GMT+0000 (Coordinated Universal Time)
LOG ["App Started! PATH: http://localhost:8000/"] @ Fri May 27 2022 11:23:43 GMT+0000 (Coordinated Universal Time)
