LOG ["APP STARTING."] @ Sun May 08 2022 10:33:38 GMT+0000 (Coordinated Universal Time)
LOG ["APP STARTING."] @ Sun May 08 2022 10:37:54 GMT+0000 (Coordinated Universal Time)
LOG ["APP STARTING."] @ Sun May 08 2022 10:38:11 GMT+0000 (Coordinated Universal Time)
WARN ["SIGINT Received.","APP EXITING."] @ Sun May 08 2022 10:38:21 GMT+0000 (Coordinated Universal Time)
WARN ["SIGINT Received.","APP EXITING."] @ Sun May 08 2022 10:38:21 GMT+0000 (Coordinated Universal Time)
LOG ["APP STARTING."] @ Sun May 08 2022 10:38:32 GMT+0000 (Coordinated Universal Time)
WARN ["SIGINT Received.","APP EXITING."] @ Sun May 08 2022 10:38:37 GMT+0000 (Coordinated Universal Time)
WARN ["SIGINT Received.","APP EXITING."] @ Sun May 08 2022 10:38:37 GMT+0000 (Coordinated Universal Time)
WARN ["SIGINT Received.","APP EXITING."] @ Sun May 08 2022 10:38:37 GMT+0000 (Coordinated Universal Time)
WARN ["SIGINT Received.","APP EXITING."] @ Sun May 08 2022 10:38:37 GMT+0000 (Coordinated Universal Time)
LOG ["APP STARTING."] @ Sun May 08 2022 10:38:53 GMT+0000 (Coordinated Universal Time)
WARN ["SIGINT Received.","APP EXITING."] @ Sun May 08 2022 10:38:58 GMT+0000 (Coordinated Universal Time)
WARN ["SIGINT Received.","APP EXITING."] @ Sun May 08 2022 10:38:58 GMT+0000 (Coordinated Universal Time)
WARN ["SIGINT Received.","APP EXITING."] @ Sun May 08 2022 10:38:58 GMT+0000 (Coordinated Universal Time)
LOG ["APP STARTING."] @ Sun May 08 2022 10:40:17 GMT+0000 (Coordinated Universal Time)
WARN ["SIGINT Received.","APP EXITING."] @ Sun May 08 2022 10:40:24 GMT+0000 (Coordinated Universal Time)
LOG ["APP STARTING."] @ Sun May 08 2022 10:43:49 GMT+0000 (Coordinated Universal Time)
LOG ["APP STARTING."] @ Sun May 08 2022 11:20:01 GMT+0000 (Coordinated Universal Time)
LOG ["APP STARTING."] @ Sun May 08 2022 11:28:53 GMT+0000 (Coordinated Universal Time)
LOG ["APP STARTING."] @ Sun May 08 2022 11:48:06 GMT+0000 (Coordinated Universal Time)
LOG ["APP STARTING."] @ Sun May 08 2022 12:48:44 GMT+0000 (Coordinated Universal Time)
LOG ["APP STARTING."] @ Mon May 09 2022 12:40:14 GMT+0000 (Coordinated Universal Time)
LOG ["APP STARTING."] @ Wed May 11 2022 10:42:11 GMT+0000 (Coordinated Universal Time)
LOG ["APP STARTING."] @ Wed May 11 2022 11:09:48 GMT+0000 (Coordinated Universal Time)
LOG ["APP STARTING."] @ Wed May 11 2022 14:39:26 GMT+0000 (Coordinated Universal Time)
LOG ["APP STARTING."] @ Wed May 11 2022 14:39:54 GMT+0000 (Coordinated Universal Time)
LOG ["APP STARTING."] @ Wed May 11 2022 14:42:57 GMT+0000 (Coordinated Universal Time)
LOG ["APP STARTING."] @ Wed May 11 2022 14:49:22 GMT+0000 (Coordinated Universal Time)
LOG ["APP STARTING."] @ Wed May 11 2022 15:43:18 GMT+0000 (Coordinated Universal Time)
LOG ["APP STARTING."] @ Wed May 11 2022 15:58:26 GMT+0000 (Coordinated Universal Time)
LOG ["APP STARTING."] @ Wed May 11 2022 15:59:27 GMT+0000 (Coordinated Universal Time)
LOG ["APP STARTING."] @ Wed May 11 2022 16:26:22 GMT+0000 (Coordinated Universal Time)
LOG ["APP STARTING."] @ Wed May 11 2022 16:29:51 GMT+0000 (Coordinated Universal Time)
LOG ["APP STARTING."] @ Wed May 11 2022 16:32:26 GMT+0000 (Coordinated Universal Time)
LOG ["APP STARTING."] @ Wed May 11 2022 16:34:35 GMT+0000 (Coordinated Universal Time)
LOG ["APP STARTING."] @ Wed May 11 2022 16:41:42 GMT+0000 (Coordinated Universal Time)
LOG ["APP STARTING."] @ Wed May 11 2022 16:54:03 GMT+0000 (Coordinated Universal Time)
LOG ["APP STARTING."] @ Wed May 11 2022 16:56:01 GMT+0000 (Coordinated Universal Time)
LOG ["APP STARTING."] @ Wed May 11 2022 16:56:53 GMT+0000 (Coordinated Universal Time)
LOG ["APP STARTING."] @ Wed May 11 2022 17:02:26 GMT+0000 (Coordinated Universal Time)
LOG ["APP STARTING."] @ Wed May 11 2022 17:04:52 GMT+0000 (Coordinated Universal Time)
LOG ["APP STARTING."] @ Wed May 11 2022 17:09:46 GMT+0000 (Coordinated Universal Time)
LOG ["APP STARTING."] @ Wed May 11 2022 17:19:52 GMT+0000 (Coordinated Universal Time)
LOG ["APP STARTING."] @ Thu May 12 2022 10:15:22 GMT+0000 (Coordinated Universal Time)
LOG ["APP STARTING."] @ Thu May 12 2022 10:55:30 GMT+0000 (Coordinated Universal Time)
LOG ["APP STARTING."] @ Thu May 12 2022 10:58:21 GMT+0000 (Coordinated Universal Time)
LOG ["APP STARTING."] @ Thu May 12 2022 10:59:07 GMT+0000 (Coordinated Universal Time)
LOG ["APP STARTING."] @ Thu May 12 2022 11:00:09 GMT+0000 (Coordinated Universal Time)
LOG ["APP STARTING."] @ Thu May 12 2022 11:01:47 GMT+0000 (Coordinated Universal Time)
LOG ["APP STARTING."] @ Thu May 12 2022 11:02:42 GMT+0000 (Coordinated Universal Time)
LOG ["APP STARTING."] @ Thu May 12 2022 11:06:06 GMT+0000 (Coordinated Universal Time)
LOG ["APP STARTING."] @ Thu May 12 2022 11:06:56 GMT+0000 (Coordinated Universal Time)
LOG ["APP STARTING."] @ Thu May 12 2022 13:27:16 GMT+0000 (Coordinated Universal Time)
